[2023-02-01 05:38:50.022]	[Info]	[Send] = {
  "EDTS_R": {
    "EQPID": "MXPM-01MASL031",
    "ACK": "0"
  }
}
[2023-02-01 05:38:51.038]	[Info]	[Recv] = {
  "EDTS": {
    "EQPID": "TEST_001",
    "TIME": "20230201053850"
  }
}
[2023-02-01 05:38:50.004]	[Info]	[Send] = {
  "EDTS_R": {
    "EQPID": "MXPM-01MASL031",
    "ACK": "0"
  }
}
[2023-02-01 05:38:50.952]	[Info]	Connected is failed.연결된 구성원으로부터 응답이 없어 연결하지 못했거나, 호스트로부터 응답이 없어 연결이 끊어졌습니다 192.168.3.2:8112
[2023-02-01 05:38:57.106]	[Info]	[SEQ] Change To EQP_OFFLINE
[2023-02-01 05:38:59.518]	[Info]	MES Interface System is Exited =========================
[2023-02-01 05:38:59.542]	[Info]	Connected is failed.소켓 이외의 개체에 작업을 시도했습니다 192.168.3.2:8112
